{"name":"Проверка получения характеристик утки с material = rubber","status":"broken","statusDetails":{"known":false,"muted":false,"flaky":false,"message":"Failed to validate JSON text:\n{\"color\":\"odd\",\"height\":221.0,\"material\":\"rubber\",\"sound\":\"quack\",\"wingsState\":\"FIXED\"} Values not equal for entry: 'height', expected '2.21' but was '221.0'","trace":"com.consol.citrus.exceptions.TestCaseFailedException: Failed to validate JSON text:\n{\"color\":\"odd\",\"height\":221.0,\"material\":\"rubber\",\"sound\":\"quack\",\"wingsState\":\"FIXED\"} Values not equal for entry: 'height', expected '2.21' but was '221.0'\n\tat com.consol.citrus.DefaultTestCase.executeAction(DefaultTestCase.java:143)\n\tat com.consol.citrus.DefaultTestCaseRunner.run(DefaultTestCaseRunner.java:125)\n\tat com.consol.citrus.TestActionRunner.$(TestActionRunner.java:35)\n\tat autotests.clients.ActionsClient.validateResponsePayload(ActionsClient.java:121)\n\tat autotests.tests.actions.DuckPropertiesTest.successfulPropertiesRubberDuck(DuckPropertiesTest.java:67)\n\tat java.base/jdk.internal.reflect.NativeMethodAccessorImpl.invoke0(Native Method)\n\tat java.base/jdk.internal.reflect.NativeMethodAccessorImpl.invoke(NativeMethodAccessorImpl.java:62)\n\tat java.base/jdk.internal.reflect.DelegatingMethodAccessorImpl.invoke(DelegatingMethodAccessorImpl.java:43)\n\tat java.base/java.lang.reflect.Method.invoke(Method.java:566)\n\tat org.springframework.util.ReflectionUtils.invokeMethod(ReflectionUtils.java:282)\n\tat com.consol.citrus.testng.TestNGHelper.lambda$invokeTestMethod$1(TestNGHelper.java:82)\n\tat com.consol.citrus.common.DefaultTestLoader.lambda$doLoad$1(DefaultTestLoader.java:116)\n\tat java.base/java.util.ArrayList.forEach(ArrayList.java:1541)\n\tat com.consol.citrus.common.DefaultTestLoader.doLoad(DefaultTestLoader.java:116)\n\tat com.consol.citrus.common.DefaultTestLoader.load(DefaultTestLoader.java:94)\n\tat com.consol.citrus.testng.TestNGHelper.invokeTestMethod(TestNGHelper.java:83)\n\tat com.consol.citrus.testng.spring.TestNGCitrusSpringSupport.run(TestNGCitrusSpringSupport.java:185)\n\tat com.consol.citrus.testng.spring.TestNGCitrusSpringSupport.run(TestNGCitrusSpringSupport.java:101)\n\tat org.testng.internal.invokers.MethodInvocationHelper.invokeHookable(MethodInvocationHelper.java:272)\n\tat org.testng.internal.invokers.TestInvoker.invokeMethod(TestInvoker.java:669)\n\tat org.testng.internal.invokers.TestInvoker.invokeTestMethod(TestInvoker.java:221)\n\tat org.testng.internal.invokers.MethodRunner.runInSequence(MethodRunner.java:50)\n\tat org.testng.internal.invokers.TestInvoker$MethodInvocationAgent.invoke(TestInvoker.java:969)\n\tat org.testng.internal.invokers.TestInvoker.invokeTestMethods(TestInvoker.java:194)\n\tat org.testng.internal.invokers.TestMethodWorker.invokeTestMethods(TestMethodWorker.java:148)\n\tat org.testng.internal.invokers.TestMethodWorker.run(TestMethodWorker.java:128)\n\tat java.base/java.util.concurrent.ThreadPoolExecutor.runWorker(ThreadPoolExecutor.java:1128)\n\tat java.base/java.util.concurrent.ThreadPoolExecutor$Worker.run(ThreadPoolExecutor.java:628)\n\tat java.base/java.lang.Thread.run(Thread.java:829)\nCaused by: com.consol.citrus.exceptions.ValidationException: Failed to validate JSON text:\n{\"color\":\"odd\",\"height\":221.0,\"material\":\"rubber\",\"sound\":\"quack\",\"wingsState\":\"FIXED\"} Values not equal for entry: 'height', expected '2.21' but was '221.0'\n\tat com.consol.citrus.validation.json.JsonTextMessageValidator.validateMessage(JsonTextMessageValidator.java:114)\n\tat com.consol.citrus.validation.json.JsonTextMessageValidator.validateMessage(JsonTextMessageValidator.java:58)\n\tat com.consol.citrus.validation.AbstractMessageValidator.validateMessage(AbstractMessageValidator.java:46)\n\tat com.consol.citrus.actions.ReceiveMessageAction.validateMessage(ReceiveMessageAction.java:279)\n\tat com.consol.citrus.actions.ReceiveMessageAction.doExecute(ReceiveMessageAction.java:168)\n\tat com.consol.citrus.actions.AbstractTestAction.execute(AbstractTestAction.java:59)\n\tat com.consol.citrus.DefaultTestCase.executeAction(DefaultTestCase.java:136)\n\t... 28 more\nCaused by: java.lang.IllegalArgumentException: Values not equal for entry: 'height', expected '2.21' but was '221.0'\n\tat org.springframework.util.Assert.isTrue(Assert.java:121)\n\tat com.consol.citrus.validation.json.JsonTextMessageValidator.validateJson(JsonTextMessageValidator.java:211)\n\tat com.consol.citrus.validation.json.JsonTextMessageValidator.validateMessage(JsonTextMessageValidator.java:102)\n\t... 34 more\n"},"stage":"finished","steps":[{"name":"Генерация чётного/нечётного числа","status":"passed","stage":"finished","steps":[],"attachments":[],"parameters":[{"name":"evenFlag","value":"false"}],"start":1738128857449,"stop":1738128857463},{"name":"SQL запрос создания уточки в БД","status":"passed","stage":"finished","steps":[],"attachments":[],"parameters":[{"name":"runner","value":"com.consol.citrus.DefaultTestCaseRunner@2e479cae"},{"name":"id","value":"${duckId}"},{"name":"color","value":"odd"},{"name":"height","value":"2.21"},{"name":"material","value":"rubber"},{"name":"sound","value":"quack"},{"name":"wings_state","value":"FIXED"}],"start":1738128857487,"stop":1738128858113},{"name":"GET запрос на получение свойств уточки","status":"passed","stage":"finished","steps":[],"attachments":[],"parameters":[{"name":"runner","value":"com.consol.citrus.DefaultTestCaseRunner@2e479cae"}],"start":1738128858115,"stop":1738128860491},{"name":"Валидация ответа с передачей ожидаемого ответа из папки Payload","status":"broken","statusDetails":{"known":false,"muted":false,"flaky":false,"message":"Failed to validate JSON text:\n{\"color\":\"odd\",\"height\":221.0,\"material\":\"rubber\",\"sound\":\"quack\",\"wingsState\":\"FIXED\"} Values not equal for entry: 'height', expected '2.21' but was '221.0'","trace":"com.consol.citrus.exceptions.TestCaseFailedException: Failed to validate JSON text:\n{\"color\":\"odd\",\"height\":221.0,\"material\":\"rubber\",\"sound\":\"quack\",\"wingsState\":\"FIXED\"} Values not equal for entry: 'height', expected '2.21' but was '221.0'\n\tat com.consol.citrus.DefaultTestCase.executeAction(DefaultTestCase.java:143)\n\tat com.consol.citrus.DefaultTestCaseRunner.run(DefaultTestCaseRunner.java:125)\n\tat com.consol.citrus.TestActionRunner.$(TestActionRunner.java:35)\n\tat autotests.clients.ActionsClient.validateResponsePayload(ActionsClient.java:121)\n\tat autotests.tests.actions.DuckPropertiesTest.successfulPropertiesRubberDuck(DuckPropertiesTest.java:67)\n\tat java.base/jdk.internal.reflect.NativeMethodAccessorImpl.invoke0(Native Method)\n\tat java.base/jdk.internal.reflect.NativeMethodAccessorImpl.invoke(NativeMethodAccessorImpl.java:62)\n\tat java.base/jdk.internal.reflect.DelegatingMethodAccessorImpl.invoke(DelegatingMethodAccessorImpl.java:43)\n\tat java.base/java.lang.reflect.Method.invoke(Method.java:566)\n\tat org.springframework.util.ReflectionUtils.invokeMethod(ReflectionUtils.java:282)\n\tat com.consol.citrus.testng.TestNGHelper.lambda$invokeTestMethod$1(TestNGHelper.java:82)\n\tat com.consol.citrus.common.DefaultTestLoader.lambda$doLoad$1(DefaultTestLoader.java:116)\n\tat java.base/java.util.ArrayList.forEach(ArrayList.java:1541)\n\tat com.consol.citrus.common.DefaultTestLoader.doLoad(DefaultTestLoader.java:116)\n\tat com.consol.citrus.common.DefaultTestLoader.load(DefaultTestLoader.java:94)\n\tat com.consol.citrus.testng.TestNGHelper.invokeTestMethod(TestNGHelper.java:83)\n\tat com.consol.citrus.testng.spring.TestNGCitrusSpringSupport.run(TestNGCitrusSpringSupport.java:185)\n\tat com.consol.citrus.testng.spring.TestNGCitrusSpringSupport.run(TestNGCitrusSpringSupport.java:101)\n\tat org.testng.internal.invokers.MethodInvocationHelper.invokeHookable(MethodInvocationHelper.java:272)\n\tat org.testng.internal.invokers.TestInvoker.invokeMethod(TestInvoker.java:669)\n\tat org.testng.internal.invokers.TestInvoker.invokeTestMethod(TestInvoker.java:221)\n\tat org.testng.internal.invokers.MethodRunner.runInSequence(MethodRunner.java:50)\n\tat org.testng.internal.invokers.TestInvoker$MethodInvocationAgent.invoke(TestInvoker.java:969)\n\tat org.testng.internal.invokers.TestInvoker.invokeTestMethods(TestInvoker.java:194)\n\tat org.testng.internal.invokers.TestMethodWorker.invokeTestMethods(TestMethodWorker.java:148)\n\tat org.testng.internal.invokers.TestMethodWorker.run(TestMethodWorker.java:128)\n\tat java.base/java.util.concurrent.ThreadPoolExecutor.runWorker(ThreadPoolExecutor.java:1128)\n\tat java.base/java.util.concurrent.ThreadPoolExecutor$Worker.run(ThreadPoolExecutor.java:628)\n\tat java.base/java.lang.Thread.run(Thread.java:829)\nCaused by: com.consol.citrus.exceptions.ValidationException: Failed to validate JSON text:\n{\"color\":\"odd\",\"height\":221.0,\"material\":\"rubber\",\"sound\":\"quack\",\"wingsState\":\"FIXED\"} Values not equal for entry: 'height', expected '2.21' but was '221.0'\n\tat com.consol.citrus.validation.json.JsonTextMessageValidator.validateMessage(JsonTextMessageValidator.java:114)\n\tat com.consol.citrus.validation.json.JsonTextMessageValidator.validateMessage(JsonTextMessageValidator.java:58)\n\tat com.consol.citrus.validation.AbstractMessageValidator.validateMessage(AbstractMessageValidator.java:46)\n\tat com.consol.citrus.actions.ReceiveMessageAction.validateMessage(ReceiveMessageAction.java:279)\n\tat com.consol.citrus.actions.ReceiveMessageAction.doExecute(ReceiveMessageAction.java:168)\n\tat com.consol.citrus.actions.AbstractTestAction.execute(AbstractTestAction.java:59)\n\tat com.consol.citrus.DefaultTestCase.executeAction(DefaultTestCase.java:136)\n\t... 28 more\nCaused by: java.lang.IllegalArgumentException: Values not equal for entry: 'height', expected '2.21' but was '221.0'\n\tat org.springframework.util.Assert.isTrue(Assert.java:121)\n\tat com.consol.citrus.validation.json.JsonTextMessageValidator.validateJson(JsonTextMessageValidator.java:211)\n\tat com.consol.citrus.validation.json.JsonTextMessageValidator.validateMessage(JsonTextMessageValidator.java:102)\n\t... 34 more\n"},"stage":"finished","steps":[],"attachments":[],"parameters":[{"name":"runner","value":"com.consol.citrus.DefaultTestCaseRunner@2e479cae"},{"name":"body","value":"autotests.payloads.Duck@51cfa759"}],"start":1738128860491,"stop":1738128861057},{"name":"SQL запрос удаления уточки из БД","status":"passed","stage":"finished","steps":[],"attachments":[],"parameters":[{"name":"runner","value":"com.consol.citrus.DefaultTestCaseRunner@2e479cae"},{"name":"id","value":"${duckId}"}],"start":1738128861085,"stop":1738128861112}],"attachments":[],"parameters":[{"name":"arg0","value":"null"}],"start":1738128857049,"stop":1738128861148,"uuid":"bfd06c3f-827f-4e81-b328-d703574bcce6","historyId":"c2d2abe383f2fb5d3347c9d2b2662717","fullName":"autotests.tests.actions.DuckPropertiesTest.successfulPropertiesRubberDuck","labels":[{"name":"package","value":"autotests.tests.actions.DuckPropertiesTest"},{"name":"testClass","value":"autotests.tests.actions.DuckPropertiesTest"},{"name":"testMethod","value":"successfulPropertiesRubberDuck"},{"name":"parentSuite","value":"Gradle suite"},{"name":"suite","value":"Gradle test"},{"name":"subSuite","value":"autotests.tests.actions.DuckPropertiesTest"},{"name":"host","value":"JACK"},{"name":"thread","value":"66288@JACK.TestNG-test=Gradle test-2(17)"},{"name":"framework","value":"testng"},{"name":"language","value":"java"},{"name":"epic","value":"Тесты на duck-action-controller"},{"name":"feature","value":"Эндпоинт /api/duck/action/properties"}],"links":[]}