{"name":"Проверка того, что уточка поплыла","status":"broken","statusDetails":{"known":false,"muted":false,"flaky":false,"message":"Validation failed: Values not equal for header element 'citrus_http_reason_phrase', expected 'OK' but was 'NOT_FOUND'","trace":"com.consol.citrus.exceptions.TestCaseFailedException: Validation failed: Values not equal for header element 'citrus_http_reason_phrase', expected 'OK' but was 'NOT_FOUND'\n\tat com.consol.citrus.DefaultTestCase.executeAction(DefaultTestCase.java:143)\n\tat com.consol.citrus.DefaultTestCaseRunner.run(DefaultTestCaseRunner.java:125)\n\tat com.consol.citrus.TestActionRunner.$(TestActionRunner.java:35)\n\tat autotests.clients.ActionsClient.validateResponseResources(ActionsClient.java:132)\n\tat autotests.tests.actions.DuckSwimTest.successfulSwim(DuckSwimTest.java:38)\n\tat java.base/jdk.internal.reflect.NativeMethodAccessorImpl.invoke0(Native Method)\n\tat java.base/jdk.internal.reflect.NativeMethodAccessorImpl.invoke(NativeMethodAccessorImpl.java:62)\n\tat java.base/jdk.internal.reflect.DelegatingMethodAccessorImpl.invoke(DelegatingMethodAccessorImpl.java:43)\n\tat java.base/java.lang.reflect.Method.invoke(Method.java:566)\n\tat org.springframework.util.ReflectionUtils.invokeMethod(ReflectionUtils.java:282)\n\tat com.consol.citrus.testng.TestNGHelper.lambda$invokeTestMethod$1(TestNGHelper.java:82)\n\tat com.consol.citrus.common.DefaultTestLoader.lambda$doLoad$1(DefaultTestLoader.java:116)\n\tat java.base/java.util.ArrayList.forEach(ArrayList.java:1541)\n\tat com.consol.citrus.common.DefaultTestLoader.doLoad(DefaultTestLoader.java:116)\n\tat com.consol.citrus.common.DefaultTestLoader.load(DefaultTestLoader.java:94)\n\tat com.consol.citrus.testng.TestNGHelper.invokeTestMethod(TestNGHelper.java:83)\n\tat com.consol.citrus.testng.spring.TestNGCitrusSpringSupport.run(TestNGCitrusSpringSupport.java:185)\n\tat com.consol.citrus.testng.spring.TestNGCitrusSpringSupport.run(TestNGCitrusSpringSupport.java:101)\n\tat org.testng.internal.invokers.MethodInvocationHelper.invokeHookable(MethodInvocationHelper.java:272)\n\tat org.testng.internal.invokers.TestInvoker.invokeMethod(TestInvoker.java:669)\n\tat org.testng.internal.invokers.TestInvoker.invokeTestMethod(TestInvoker.java:221)\n\tat org.testng.internal.invokers.MethodRunner.runInSequence(MethodRunner.java:50)\n\tat org.testng.internal.invokers.TestInvoker$MethodInvocationAgent.invoke(TestInvoker.java:969)\n\tat org.testng.internal.invokers.TestInvoker.invokeTestMethods(TestInvoker.java:194)\n\tat org.testng.internal.invokers.TestMethodWorker.invokeTestMethods(TestMethodWorker.java:148)\n\tat org.testng.internal.invokers.TestMethodWorker.run(TestMethodWorker.java:128)\n\tat java.base/java.util.concurrent.ThreadPoolExecutor.runWorker(ThreadPoolExecutor.java:1128)\n\tat java.base/java.util.concurrent.ThreadPoolExecutor$Worker.run(ThreadPoolExecutor.java:628)\n\tat java.base/java.lang.Thread.run(Thread.java:829)\nCaused by: com.consol.citrus.exceptions.ValidationException: Validation failed: Values not equal for header element 'citrus_http_reason_phrase', expected 'OK' but was 'NOT_FOUND'\n\tat com.consol.citrus.validation.DefaultHeaderValidator.validateHeader(DefaultHeaderValidator.java:79)\n\tat com.consol.citrus.validation.DefaultMessageHeaderValidator.validateMessage(DefaultMessageHeaderValidator.java:101)\n\tat com.consol.citrus.validation.DefaultMessageHeaderValidator.validateMessage(DefaultMessageHeaderValidator.java:44)\n\tat com.consol.citrus.validation.AbstractMessageValidator.validateMessage(AbstractMessageValidator.java:46)\n\tat com.consol.citrus.actions.ReceiveMessageAction.validateMessage(ReceiveMessageAction.java:279)\n\tat com.consol.citrus.actions.ReceiveMessageAction.doExecute(ReceiveMessageAction.java:168)\n\tat com.consol.citrus.actions.AbstractTestAction.execute(AbstractTestAction.java:59)\n\tat com.consol.citrus.DefaultTestCase.executeAction(DefaultTestCase.java:136)\n\t... 28 more\nCaused by: java.lang.IllegalArgumentException: Values not equal for header element 'citrus_http_reason_phrase', expected 'OK' but was 'NOT_FOUND'\n\tat org.springframework.util.Assert.isTrue(Assert.java:121)\n\tat com.consol.citrus.validation.DefaultHeaderValidator.validateHeader(DefaultHeaderValidator.java:66)\n\t... 35 more\n"},"stage":"finished","steps":[{"name":"SQL запрос создания уточки в БД","status":"passed","stage":"finished","steps":[],"attachments":[],"parameters":[{"name":"runner","value":"com.consol.citrus.DefaultTestCaseRunner@cd770b7"},{"name":"id","value":"${duckId}"},{"name":"color","value":"yellow"},{"name":"height","value":"2.21"},{"name":"material","value":"wood"},{"name":"sound","value":"quack"},{"name":"wings_state","value":"ACTIVE"}],"start":1738128862641,"stop":1738128862663},{"name":"GET запрос 'плыви'","status":"passed","stage":"finished","steps":[],"attachments":[],"parameters":[{"name":"runner","value":"com.consol.citrus.DefaultTestCaseRunner@cd770b7"}],"start":1738128862664,"stop":1738128862789},{"name":"Валидация ответа с передачей ожидаемого ответа из папки Resources","status":"broken","statusDetails":{"known":false,"muted":false,"flaky":false,"message":"Validation failed: Values not equal for header element 'citrus_http_reason_phrase', expected 'OK' but was 'NOT_FOUND'","trace":"com.consol.citrus.exceptions.TestCaseFailedException: Validation failed: Values not equal for header element 'citrus_http_reason_phrase', expected 'OK' but was 'NOT_FOUND'\n\tat com.consol.citrus.DefaultTestCase.executeAction(DefaultTestCase.java:143)\n\tat com.consol.citrus.DefaultTestCaseRunner.run(DefaultTestCaseRunner.java:125)\n\tat com.consol.citrus.TestActionRunner.$(TestActionRunner.java:35)\n\tat autotests.clients.ActionsClient.validateResponseResources(ActionsClient.java:132)\n\tat autotests.tests.actions.DuckSwimTest.successfulSwim(DuckSwimTest.java:38)\n\tat java.base/jdk.internal.reflect.NativeMethodAccessorImpl.invoke0(Native Method)\n\tat java.base/jdk.internal.reflect.NativeMethodAccessorImpl.invoke(NativeMethodAccessorImpl.java:62)\n\tat java.base/jdk.internal.reflect.DelegatingMethodAccessorImpl.invoke(DelegatingMethodAccessorImpl.java:43)\n\tat java.base/java.lang.reflect.Method.invoke(Method.java:566)\n\tat org.springframework.util.ReflectionUtils.invokeMethod(ReflectionUtils.java:282)\n\tat com.consol.citrus.testng.TestNGHelper.lambda$invokeTestMethod$1(TestNGHelper.java:82)\n\tat com.consol.citrus.common.DefaultTestLoader.lambda$doLoad$1(DefaultTestLoader.java:116)\n\tat java.base/java.util.ArrayList.forEach(ArrayList.java:1541)\n\tat com.consol.citrus.common.DefaultTestLoader.doLoad(DefaultTestLoader.java:116)\n\tat com.consol.citrus.common.DefaultTestLoader.load(DefaultTestLoader.java:94)\n\tat com.consol.citrus.testng.TestNGHelper.invokeTestMethod(TestNGHelper.java:83)\n\tat com.consol.citrus.testng.spring.TestNGCitrusSpringSupport.run(TestNGCitrusSpringSupport.java:185)\n\tat com.consol.citrus.testng.spring.TestNGCitrusSpringSupport.run(TestNGCitrusSpringSupport.java:101)\n\tat org.testng.internal.invokers.MethodInvocationHelper.invokeHookable(MethodInvocationHelper.java:272)\n\tat org.testng.internal.invokers.TestInvoker.invokeMethod(TestInvoker.java:669)\n\tat org.testng.internal.invokers.TestInvoker.invokeTestMethod(TestInvoker.java:221)\n\tat org.testng.internal.invokers.MethodRunner.runInSequence(MethodRunner.java:50)\n\tat org.testng.internal.invokers.TestInvoker$MethodInvocationAgent.invoke(TestInvoker.java:969)\n\tat org.testng.internal.invokers.TestInvoker.invokeTestMethods(TestInvoker.java:194)\n\tat org.testng.internal.invokers.TestMethodWorker.invokeTestMethods(TestMethodWorker.java:148)\n\tat org.testng.internal.invokers.TestMethodWorker.run(TestMethodWorker.java:128)\n\tat java.base/java.util.concurrent.ThreadPoolExecutor.runWorker(ThreadPoolExecutor.java:1128)\n\tat java.base/java.util.concurrent.ThreadPoolExecutor$Worker.run(ThreadPoolExecutor.java:628)\n\tat java.base/java.lang.Thread.run(Thread.java:829)\nCaused by: com.consol.citrus.exceptions.ValidationException: Validation failed: Values not equal for header element 'citrus_http_reason_phrase', expected 'OK' but was 'NOT_FOUND'\n\tat com.consol.citrus.validation.DefaultHeaderValidator.validateHeader(DefaultHeaderValidator.java:79)\n\tat com.consol.citrus.validation.DefaultMessageHeaderValidator.validateMessage(DefaultMessageHeaderValidator.java:101)\n\tat com.consol.citrus.validation.DefaultMessageHeaderValidator.validateMessage(DefaultMessageHeaderValidator.java:44)\n\tat com.consol.citrus.validation.AbstractMessageValidator.validateMessage(AbstractMessageValidator.java:46)\n\tat com.consol.citrus.actions.ReceiveMessageAction.validateMessage(ReceiveMessageAction.java:279)\n\tat com.consol.citrus.actions.ReceiveMessageAction.doExecute(ReceiveMessageAction.java:168)\n\tat com.consol.citrus.actions.AbstractTestAction.execute(AbstractTestAction.java:59)\n\tat com.consol.citrus.DefaultTestCase.executeAction(DefaultTestCase.java:136)\n\t... 28 more\nCaused by: java.lang.IllegalArgumentException: Values not equal for header element 'citrus_http_reason_phrase', expected 'OK' but was 'NOT_FOUND'\n\tat org.springframework.util.Assert.isTrue(Assert.java:121)\n\tat com.consol.citrus.validation.DefaultHeaderValidator.validateHeader(DefaultHeaderValidator.java:66)\n\t... 35 more\n"},"stage":"finished","steps":[],"attachments":[],"parameters":[{"name":"runner","value":"com.consol.citrus.DefaultTestCaseRunner@cd770b7"},{"name":"responseMessage","value":"actions/getDuckSwimTest/successfulSwim.json"}],"start":1738128862790,"stop":1738128862897},{"name":"SQL запрос удаления уточки из БД","status":"passed","stage":"finished","steps":[],"attachments":[],"parameters":[{"name":"runner","value":"com.consol.citrus.DefaultTestCaseRunner@cd770b7"},{"name":"id","value":"${duckId}"}],"start":1738128862900,"stop":1738128862925}],"attachments":[],"parameters":[{"name":"arg0","value":"null"}],"start":1738128862535,"stop":1738128862967,"uuid":"e0fada2d-f58b-4e7e-8a15-fea5d7e720ef","historyId":"ce7c56dae278828a415bdb562fcacb13","fullName":"autotests.tests.actions.DuckSwimTest.successfulSwim","labels":[{"name":"package","value":"autotests.tests.actions.DuckSwimTest"},{"name":"testClass","value":"autotests.tests.actions.DuckSwimTest"},{"name":"testMethod","value":"successfulSwim"},{"name":"parentSuite","value":"Gradle suite"},{"name":"suite","value":"Gradle test"},{"name":"subSuite","value":"autotests.tests.actions.DuckSwimTest"},{"name":"host","value":"JACK"},{"name":"thread","value":"66288@JACK.TestNG-test=Gradle test-3(18)"},{"name":"framework","value":"testng"},{"name":"language","value":"java"},{"name":"epic","value":"Тесты на duck-action-controller"},{"name":"feature","value":"Эндпоинт /api/duck/action/swim"}],"links":[]}